Messages
=========================
SPIM Version 9.0.1 of January 2, 2011
Copyright 1990-2010, James R. Larus.
All Rights Reserved.
SPIM is distributed under a BSD license.
See the file README for a full copyright notice.
Loaded: D:\professional\PCSpim\PCSPIm安装后软件\exceptions.s
Memory and registers cleared and the simulator reinitialized.

SPIM Version 9.0.1 of January 2, 2011
Copyright 1990-2010, James R. Larus.
All Rights Reserved.
SPIM is distributed under a BSD license.
See the file README for a full copyright notice.
Loaded: D:\professional\PCSpim\PCSPIm安装后软件\exceptions.s
C:\Users\志锋\Desktop\exercise-1 - 副本4.asm successfully loaded
Memory and registers cleared and the simulator reinitialized.

SPIM Version 9.0.1 of January 2, 2011
Copyright 1990-2010, James R. Larus.
All Rights Reserved.
SPIM is distributed under a BSD license.
See the file README for a full copyright notice.
Loaded: D:\professional\PCSpim\PCSPIm安装后软件\exceptions.s
C:\Users\志锋\Desktop\exercise-1.asm successfully loaded


Registers
=========================
 PC      = 004001a4   EPC     = 00000000   Cause   = 00000000   BadVAddr= 00000000
 Status  = 3000ff10   HI      = 00000000   LO      = 00000000
                                 General Registers
R0  (r0) = 00000000  R8  (t0) = 10010004  R16 (s0) = 00000009  R24 (t8) = 00000009
R1  (at) = 10010000  R9  (t1) = 00000009  R17 (s1) = 0000000a  R25 (t9) = 00000001
R2  (v0) = 0000000a  R10 (t2) = 00000000  R18 (s2) = 00000000  R26 (k0) = 00000000
R3  (v1) = 00000000  R11 (t3) = 0000000a  R19 (s3) = 00000000  R27 (k1) = 00000000
R4  (a0) = 10010002  R12 (t4) = 00000000  R20 (s4) = 00000000  R28 (gp) = 10008000
R5  (a1) = 7ffff000  R13 (t5) = 00000008  R21 (s5) = 00000000  R29 (sp) = 7fffeffc
R6  (a2) = 7ffff004  R14 (t6) = 00000000  R22 (s6) = 00000000  R30 (s8) = 00000000
R7  (a3) = 00000000  R15 (t7) = 00000000  R23 (s7) = 00000000  R31 (ra) = 00400018

 FIR    = 00009800    FCSR    = 00000000    FCCR   = 00000000   FEXR    = 00000000
 FENR   = 00000000
                              Double Floating Point Registers
FP0  = 0.000000      FP8  = 0.000000      FP16 = 0.000000      FP24 = 0.000000     
FP2  = 0.000000      FP10 = 0.000000      FP18 = 0.000000      FP26 = 0.000000     
FP4  = 0.000000      FP12 = 0.000000      FP20 = 0.000000      FP28 = 0.000000     
FP6  = 0.000000      FP14 = 0.000000      FP22 = 0.000000      FP30 = 0.000000     
                              Single Floating Point Registers
FP0  = 0.000000      FP8  = 0.000000      FP16 = 0.000000      FP24 = 0.000000     
FP1  = 0.000000      FP9  = 0.000000      FP17 = 0.000000      FP25 = 0.000000     
FP2  = 0.000000      FP10 = 0.000000      FP18 = 0.000000      FP26 = 0.000000     
FP3  = 0.000000      FP11 = 0.000000      FP19 = 0.000000      FP27 = 0.000000     
FP4  = 0.000000      FP12 = 0.000000      FP20 = 0.000000      FP28 = 0.000000     
FP5  = 0.000000      FP13 = 0.000000      FP21 = 0.000000      FP29 = 0.000000     
FP6  = 0.000000      FP14 = 0.000000      FP22 = 0.000000      FP30 = 0.000000     
FP7  = 0.000000      FP15 = 0.000000      FP23 = 0.000000      FP31 = 0.000000     


Console
=========================
780 500 401 168 58 19 16 10 9 8


Text Segment
=========================
[0x00400000]        0x8fa40000  lw $4, 0($29)                   ; 183: lw $a0 0($sp)                # argc
[0x00400004]        0x27a50004  addiu $5, $29, 4                ; 184: addiu $a1 $sp 4                # argv
[0x00400008]        0x24a60004  addiu $6, $5, 4                 ; 185: addiu $a2 $a1 4                # envp
[0x0040000c]        0x00041080  sll $2, $4, 2                   ; 186: sll $v0 $a0 2
[0x00400010]        0x00c23021  addu $6, $6, $2                 ; 187: addu $a2 $a2 $v0
[0x00400014]        0x0c100009  jal 0x00400024 [main]           ; 188: jal main
[0x00400018]        0x00000000  nop                             ; 189: nop
[0x0040001c]        0x3402000a  ori $2, $0, 10                  ; 191: li $v0 10
[0x00400020]        0x0000000c  syscall                         ; 192: syscall                        # syscall 10 (exit)
[0x00400024]        0x3c011001  lui $1, 4097 [data]             ; 18: la $t0, data                                     # 取第一个数据地址->$t0
[0x00400028]        0x34280004  ori $8, $1, 4 [data]
[0x0040002c]        0x20090000  addi $9, $0, 0                  ; 20: addi $t1,$0,0                                    # 将$t1作为变量i的寄存器,初始赋值为0
[0x00400030]        0x20100009  addi $16, $0, 9                 ; 21: addi $s0,$0,9                                    # 寄存器$s0保存十进制9
[0x00400034]        0x2011000a  addi $17, $0, 10                ; 22: addi $s1,$0,10                                   # 寄存器$s1保存十进制10
[0x00400038]        0x0130502a  slt $10, $9, $16                ; 25: slt $t2,$t1,$s0                                  # 当$t1 < $s0时，$t2 = 1
[0x0040003c]        0x11400013  beq $10, $0, 76 [result-0x0040003c]; 26: beq $t2,$0,result                                # 当$t2==$0时，跳转到result
[0x00400040]        0x212b0001  addi $11, $9, 1                 ; 27: addi $t3,$t1,1                                   # 将$t3作为变量j的寄存器,初始赋值为i+1
[0x00400044]        0x0171602a  slt $12, $11, $17               ; 29: slt $t4,$t3,$s1                                # 当$t3 < $s1时，$t4 = 1
[0x00400048]        0x1180000e  beq $12, $0, 56 [DONE1-0x00400048]; 30: beq $t4,$0,DONE1                               # 当$t4==$0时，跳转到DONE1
[0x0040004c]        0x00095080  sll $10, $9, 2                  ; 31: sll $t2,$t1,2                                  # 由于数据每个都是32字节的，故相邻数据间间隔4，此时得到$t2=i * 4
[0x00400050]        0x010a5020  add $10, $8, $10                ; 32: add $t2,$t0,$t2                                # 得到$t2 = data + (i * 4)
[0x00400054]        0x8d4d0000  lw $13, 0($10)                  ; 33: lw $t5,0($t2)                                  # $t5 = data[i]
[0x00400058]        0x000b6080  sll $12, $11, 2                 ; 34: sll $t4,$t3,2                                  # 得到$t4=j * 4
[0x0040005c]        0x010c6020  add $12, $8, $12                ; 35: add $t4,$t0,$t4                                # 得到$t4 = data + (j * 4)
[0x00400060]        0x8d980000  lw $24, 0($12)                  ; 36: lw $t8,0($t4)                                  # $t8 = data[j]
[0x00400064]        0x01b8c82a  slt $25, $13, $24               ; 37: slt $t9,$t5,$t8                                # 当$t5 < $t8时，$t9 = 1,此时应该交换数据
[0x00400068]        0x13200004  beq $25, $0, 16 [DONE2-0x00400068]; 38: beq $t9,$0,DONE2                               # 当$t9==$0时，不进行交换，直接跳转到DONE2
[0x0040006c]        0xad8d0000  sw $13, 0($12)                  ; 39: sw $t5,0($t4)                                  # 
[0x00400070]        0xad580000  sw $24, 0($10)                  ; 40: sw $t8,0($t2)                                  # 两个sw完成数据的交换
[0x00400074]        0x0810001e  j 0x00400078 [DONE2]            ; 41: j DONE2                                        # 数据交换完毕，跳转到DONE2
[0x00400078]        0x216b0001  addi $11, $11, 1                ; 43: addi $t3,$t3,1                                 # $t3加1，即j+1
[0x0040007c]        0x08100011  j 0x00400044 [loop2]            ; 44: j loop2                                        # 跳转回内层循环继续进行循环操作
[0x00400080]        0x21290001  addi $9, $9, 1                  ; 46: addi $t1,$t1,1                                   # $t1加1，即i+1
[0x00400084]        0x0810000e  j 0x00400038 [loop1]            ; 47: j loop1                                          # 跳转回外层循环继续进行循环操作
[0x00400088]        0x8d040000  lw $4, 0($8)                    ; 50: lw $a0,($t0)                                     # 取出第一个数据->$a0
[0x0040008c]        0x34020001  ori $2, $0, 1                   ; 51: li $v0, 1                                        # 1号 功能调用，输出整型数据
[0x00400090]        0x0000000c  syscall                         ; 52: syscall                                          # 系统调用
[0x00400094]        0x3c011001  lui $1, 4097 [space]            ; 54: la $a0, space                                    # 取字符串地址
[0x00400098]        0x34240000  ori $4, $1, 0 [space]
[0x0040009c]        0x34020004  ori $2, $0, 4                   ; 55: li $v0, 4                                        # 4号 功能调用，输出字符串，即空格
[0x004000a0]        0x0000000c  syscall                         ; 56: syscall                                          # 系统调用
[0x004000a4]        0x8d040004  lw $4, 4($8)                    ; 58: lw $a0,4($t0)                                    # 取出第二个数据->$a0
[0x004000a8]        0x34020001  ori $2, $0, 1                   ; 59: li $v0, 1                                        # 1号 功能调用，输出整型数据
[0x004000ac]        0x0000000c  syscall                         ; 60: syscall                                          # 系统调用
[0x004000b0]        0x3c011001  lui $1, 4097 [space]            ; 62: la $a0, space                                    # 取字符串地址
[0x004000b4]        0x34240000  ori $4, $1, 0 [space]
[0x004000b8]        0x34020004  ori $2, $0, 4                   ; 63: li $v0, 4                                        # 4号 功能调用，输出字符串，即空格
[0x004000bc]        0x0000000c  syscall                         ; 64: syscall                                          # 系统调用
[0x004000c0]        0x8d040008  lw $4, 8($8)                    ; 66: lw $a0,8($t0)                                    # 取出第三个数据->$a0
[0x004000c4]        0x34020001  ori $2, $0, 1                   ; 67: li $v0, 1                                        # 1号 功能调用，输出整型数据
[0x004000c8]        0x0000000c  syscall                         ; 68: syscall                                          # 系统调用
[0x004000cc]        0x3c011001  lui $1, 4097 [space]            ; 70: la $a0, space                                    # 取字符串地址
[0x004000d0]        0x34240000  ori $4, $1, 0 [space]
[0x004000d4]        0x34020004  ori $2, $0, 4                   ; 71: li $v0, 4                                        # 4号 功能调用，输出字符串，即空格
[0x004000d8]        0x0000000c  syscall                         ; 72: syscall                                          # 系统调用
[0x004000dc]        0x8d04000c  lw $4, 12($8)                   ; 74: lw $a0,12($t0)                                   # 取出第四个数据->$a0
[0x004000e0]        0x34020001  ori $2, $0, 1                   ; 75: li $v0, 1                                        # 1号 功能调用，输出整型数据
[0x004000e4]        0x0000000c  syscall                         ; 76: syscall                                          # 系统调用
[0x004000e8]        0x3c011001  lui $1, 4097 [space]            ; 78: la $a0, space                                    # 取字符串地址
[0x004000ec]        0x34240000  ori $4, $1, 0 [space]
[0x004000f0]        0x34020004  ori $2, $0, 4                   ; 79: li $v0, 4                                        # 4号 功能调用，输出字符串，即空格
[0x004000f4]        0x0000000c  syscall                         ; 80: syscall                                          # 系统调用
[0x004000f8]        0x8d040010  lw $4, 16($8)                   ; 82: lw $a0,16($t0)                                   # 取出第五个数据->$a0
[0x004000fc]        0x34020001  ori $2, $0, 1                   ; 83: li $v0, 1                                        # 1号 功能调用，输出整型数据
[0x00400100]        0x0000000c  syscall                         ; 84: syscall                                          # 系统调用
[0x00400104]        0x3c011001  lui $1, 4097 [space]            ; 86: la $a0, space                                    # 取字符串地址
[0x00400108]        0x34240000  ori $4, $1, 0 [space]
[0x0040010c]        0x34020004  ori $2, $0, 4                   ; 87: li $v0, 4                                        # 4号 功能调用，输出字符串，即空格
[0x00400110]        0x0000000c  syscall                         ; 88: syscall                                          # 系统调用
[0x00400114]        0x8d040014  lw $4, 20($8)                   ; 90: lw $a0,20($t0)                                   # 取出第六个数据->$a0
[0x00400118]        0x34020001  ori $2, $0, 1                   ; 91: li $v0, 1                                        # 1号 功能调用，输出整型数据 
[0x0040011c]        0x0000000c  syscall                         ; 92: syscall                                          # 系统调用
[0x00400120]        0x3c011001  lui $1, 4097 [space]            ; 94: la $a0, space                                    # 取字符串地址
[0x00400124]        0x34240000  ori $4, $1, 0 [space]
[0x00400128]        0x34020004  ori $2, $0, 4                   ; 95: li $v0, 4                                        # 4号 功能调用，输出字符串，即空格
[0x0040012c]        0x0000000c  syscall                         ; 96: syscall                                          # 系统调用
[0x00400130]        0x8d040018  lw $4, 24($8)                   ; 98: lw $a0,24($t0)                                   # 取出第七个数据->$a0
[0x00400134]        0x34020001  ori $2, $0, 1                   ; 99: li $v0, 1                                        # 1号 功能调用，输出整型数据
[0x00400138]        0x0000000c  syscall                         ; 100: syscall                                          # 系统调用
[0x0040013c]        0x3c011001  lui $1, 4097 [space]            ; 102: la $a0, space                                    # 取字符串地址
[0x00400140]        0x34240000  ori $4, $1, 0 [space]
[0x00400144]        0x34020004  ori $2, $0, 4                   ; 103: li $v0, 4                                        # 4号 功能调用，输出字符串，即空格
[0x00400148]        0x0000000c  syscall                         ; 104: syscall                                          # 系统调用
[0x0040014c]        0x8d04001c  lw $4, 28($8)                   ; 106: lw $a0,28($t0)                                   # 取出第八个数据->$a0
[0x00400150]        0x34020001  ori $2, $0, 1                   ; 107: li $v0, 1                                        # 1号 功能调用，输出整型数据
[0x00400154]        0x0000000c  syscall                         ; 108: syscall                                          # 系统调用
[0x00400158]        0x3c011001  lui $1, 4097 [space]            ; 110: la $a0, space                                    # 取字符串地址
[0x0040015c]        0x34240000  ori $4, $1, 0 [space]
[0x00400160]        0x34020004  ori $2, $0, 4                   ; 111: li $v0, 4                                        # 4号 功能调用，输出字符串，即空格
[0x00400164]        0x0000000c  syscall                         ; 112: syscall                                          # 系统调用
[0x00400168]        0x8d040020  lw $4, 32($8)                   ; 114: lw $a0,32($t0)                                   # 取出第九个数据->$a0
[0x0040016c]        0x34020001  ori $2, $0, 1                   ; 115: li $v0, 1                                        # 1号 功能调用，输出整型数据
[0x00400170]        0x0000000c  syscall                         ; 116: syscall                                          # 系统调用
[0x00400174]        0x3c011001  lui $1, 4097 [space]            ; 118: la $a0, space                                    # 取字符串地址
[0x00400178]        0x34240000  ori $4, $1, 0 [space]
[0x0040017c]        0x34020004  ori $2, $0, 4                   ; 119: li $v0, 4                                        # 4号 功能调用，输出字符串，即空格
[0x00400180]        0x0000000c  syscall                         ; 120: syscall                                          # 系统调用
[0x00400184]        0x8d040024  lw $4, 36($8)                   ; 122: lw $a0,36($t0)                                   # 取出第十个数据->$a0
[0x00400188]        0x34020001  ori $2, $0, 1                   ; 123: li $v0, 1                                        # 1号 功能调用，输出整型数据
[0x0040018c]        0x0000000c  syscall                         ; 124: syscall                                          # 系统调用
[0x00400190]        0x3c011001  lui $1, 4097 [change]           ; 126: la $a0, change                                   # 取字符串地址
[0x00400194]        0x34240002  ori $4, $1, 2 [change]
[0x00400198]        0x34020004  ori $2, $0, 4                   ; 127: li $v0, 4                                        # 4号 功能调用，输出字符串，即空格
[0x0040019c]        0x0000000c  syscall                         ; 128: syscall                                          # 系统调用
[0x004001a0]        0x3402000a  ori $2, $0, 10                  ; 130: li $v0, 10                                       # 退出
[0x004001a4]        0x0000000c  syscall                         ; 131: syscall                                          # 系统调用

        KERNEL
[0x80000180]        0x0001d821  addu $27, $0, $1                ; 90: move $k1 $at                # Save $at
[0x80000184]        0x3c019000  lui $1, -28672                  ; 92: sw $v0 s1                # Not re-entrant and we can't trust $sp
[0x80000188]        0xac220200  sw $2, 512($1)
[0x8000018c]        0x3c019000  lui $1, -28672                  ; 93: sw $a0 s2                # But we need to use these registers
[0x80000190]        0xac240204  sw $4, 516($1)
[0x80000194]        0x401a6800  mfc0 $26, $13                   ; 95: mfc0 $k0 $13                # Cause register
[0x80000198]        0x001a2082  srl $4, $26, 2                  ; 96: srl $a0 $k0 2                # Extract ExcCode Field
[0x8000019c]        0x3084001f  andi $4, $4, 31                 ; 97: andi $a0 $a0 0x1f
[0x800001a0]        0x34020004  ori $2, $0, 4                   ; 101: li $v0 4                # syscall 4 (print_str)
[0x800001a4]        0x3c049000  lui $4, -28672 [__m1_]          ; 102: la $a0 __m1_
[0x800001a8]        0x0000000c  syscall                         ; 103: syscall
[0x800001ac]        0x34020001  ori $2, $0, 1                   ; 105: li $v0 1                # syscall 1 (print_int)
[0x800001b0]        0x001a2082  srl $4, $26, 2                  ; 106: srl $a0 $k0 2                # Extract ExcCode Field
[0x800001b4]        0x3084001f  andi $4, $4, 31                 ; 107: andi $a0 $a0 0x1f
[0x800001b8]        0x0000000c  syscall                         ; 108: syscall
[0x800001bc]        0x34020004  ori $2, $0, 4                   ; 110: li $v0 4                # syscall 4 (print_str)
[0x800001c0]        0x3344003c  andi $4, $26, 60                ; 111: andi $a0 $k0 0x3c
[0x800001c4]        0x3c019000  lui $1, -28672                  ; 112: lw $a0 __excp($a0)
[0x800001c8]        0x00240821  addu $1, $1, $4
[0x800001cc]        0x8c240180  lw $4, 384($1)
[0x800001d0]        0x00000000  nop                             ; 113: nop
[0x800001d4]        0x0000000c  syscall                         ; 114: syscall
[0x800001d8]        0x34010018  ori $1, $0, 24                  ; 116: bne $k0 0x18 ok_pc        # Bad PC exception requires special checks
[0x800001dc]        0x143a0008  bne $1, $26, 32 [ok_pc-0x800001dc]
[0x800001e0]        0x00000000  nop                             ; 117: nop
[0x800001e4]        0x40047000  mfc0 $4, $14                    ; 119: mfc0 $a0 $14                # EPC
[0x800001e8]        0x30840003  andi $4, $4, 3                  ; 120: andi $a0 $a0 0x3        # Is EPC word-aligned?
[0x800001ec]        0x10040004  beq $0, $4, 16 [ok_pc-0x800001ec]; 121: beq $a0 0 ok_pc
[0x800001f0]        0x00000000  nop                             ; 122: nop
[0x800001f4]        0x3402000a  ori $2, $0, 10                  ; 124: li $v0 10                # Exit on really bad PC
[0x800001f8]        0x0000000c  syscall                         ; 125: syscall
[0x800001fc]        0x34020004  ori $2, $0, 4                   ; 128: li $v0 4                # syscall 4 (print_str)
[0x80000200]        0x3c019000  lui $1, -28672 [__m2_]          ; 129: la $a0 __m2_
[0x80000204]        0x3424000d  ori $4, $1, 13 [__m2_]
[0x80000208]        0x0000000c  syscall                         ; 130: syscall
[0x8000020c]        0x001a2082  srl $4, $26, 2                  ; 132: srl $a0 $k0 2                # Extract ExcCode Field
[0x80000210]        0x3084001f  andi $4, $4, 31                 ; 133: andi $a0 $a0 0x1f
[0x80000214]        0x14040002  bne $0, $4, 8 [ret-0x80000214]  ; 134: bne $a0 0 ret                # 0 means exception was an interrupt
[0x80000218]        0x00000000  nop                             ; 135: nop
[0x8000021c]        0x401a7000  mfc0 $26, $14                   ; 145: mfc0 $k0 $14                # Bump EPC register
[0x80000220]        0x275a0004  addiu $26, $26, 4               ; 146: addiu $k0 $k0 4                # Skip faulting instruction
[0x80000224]        0x409a7000  mtc0 $26, $14                   ; 148: mtc0 $k0 $14
[0x80000228]        0x3c019000  lui $1, -28672                  ; 153: lw $v0 s1                # Restore other registers
[0x8000022c]        0x8c220200  lw $2, 512($1)
[0x80000230]        0x3c019000  lui $1, -28672                  ; 154: lw $a0 s2
[0x80000234]        0x8c240204  lw $4, 516($1)
[0x80000238]        0x001b0821  addu $1, $0, $27                ; 157: move $at $k1                # Restore $at
[0x8000023c]        0x40806800  mtc0 $0, $13                    ; 160: mtc0 $0 $13                # Clear Cause register
[0x80000240]        0x401a6000  mfc0 $26, $12                   ; 162: mfc0 $k0 $12                # Set Status register
[0x80000244]        0x375a0001  ori $26, $26, 1                 ; 163: ori  $k0 0x1                # Interrupts enabled
[0x80000248]        0x409a6000  mtc0 $26, $12                   ; 164: mtc0 $k0 $12
[0x8000024c]        0x42000018  eret                            ; 167: eret


Data Segment
=========================
        DATA
[0x10000000]...[0x10010000]        0x00000000
[0x10010000]                        0x000a0020  0x0000030c  0x000001f4  0x00000191
[0x10010010]                        0x000000a8  0x0000003a  0x00000013  0x00000010
[0x10010020]                        0x0000000a  0x00000009  0x00000008  0x00000000
[0x10010030]...[0x10040000]        0x00000000

        STACK
[0x7fffeffc]                        0x00000000
[0x7ffff000]...[0x80000000]        0x00000000

        KERNEL DATA
[0x90000000]                        0x78452020  0x74706563  0x206e6f69  0x636f2000
[0x90000010]                        0x72727563  0x61206465  0x6920646e  0x726f6e67
[0x90000020]                        0x000a6465  0x495b2020  0x7265746e  0x74707572
[0x90000030]                        0x2000205d  0x4c545b20  0x20005d42  0x4c545b20
[0x90000040]                        0x20005d42  0x4c545b20  0x20005d42  0x64415b20
[0x90000050]                        0x73657264  0x72652073  0x20726f72  0x69206e69
[0x90000060]                        0x2f74736e  0x61746164  0x74656620  0x205d6863
[0x90000070]                        0x5b202000  0x72646441  0x20737365  0x6f727265
[0x90000080]                        0x6e692072  0x6f747320  0x205d6572  0x5b202000
[0x90000090]                        0x20646142  0x74736e69  0x74637572  0x206e6f69
[0x900000a0]                        0x72646461  0x5d737365  0x20200020  0x6461425b
[0x900000b0]                        0x74616420  0x64612061  0x73657264  0x00205d73
[0x900000c0]                        0x455b2020  0x726f7272  0x206e6920  0x63737973
[0x900000d0]                        0x5d6c6c61  0x20200020  0x6572425b  0x6f706b61
[0x900000e0]                        0x5d746e69  0x20200020  0x7365525b  0x65767265
[0x900000f0]                        0x6e692064  0x75727473  0x6f697463  0x00205d6e
[0x90000100]                        0x5b202000  0x74697241  0x74656d68  0x6f206369
[0x90000110]                        0x66726576  0x5d776f6c  0x20200020  0x6172545b
[0x90000120]                        0x00205d70  0x5b202000  0x616f6c46  0x676e6974
[0x90000130]                        0x696f7020  0x205d746e  0x20000000  0x6f435b20
[0x90000140]                        0x636f7270  0x005d3220  0x20000000  0x444d5b20
[0x90000150]                        0x005d584d  0x575b2020  0x68637461  0x2020005d
[0x90000160]                        0x63614d5b  0x656e6968  0x65686320  0x005d6b63
[0x90000170]                        0x00000000  0x5b202000  0x68636143  0x00005d65
[0x90000180]                        0x90000024  0x90000033  0x9000003b  0x90000043
[0x90000190]                        0x9000004b  0x90000071  0x9000008d  0x900000aa
[0x900001a0]                        0x900000c0  0x900000d6  0x900000e6  0x90000100
[0x900001b0]                        0x90000101  0x9000011a  0x90000124  0x90000125
[0x900001c0]                        0x90000139  0x9000013a  0x9000013b  0x90000148
[0x900001d0]                        0x90000149  0x9000014a  0x9000014b  0x90000154
[0x900001e0]                        0x9000015e  0x90000170  0x90000171  0x90000172
[0x900001f0]                        0x90000173  0x90000174  0x90000175  0x9000017f
[0x90000200]...[0x90010000]        0x00000000


